<?xml version="1.0" encoding="UTF-8" ?>
<testsuite tests="5" failures="0" name="runners.RegisterTest" time="29.356" errors="0" skipped="0">
  <properties>
[...]
</properties>
  <testcase classname="As a registered user I want to be able to register a new user in etherscan app" name="An user can not register with invalid credentials #1" time="8.194"/>
  <testcase classname="As a registered user I want to be able to register a new user in etherscan app" name="An user can not register with invalid credentials #2" time="5.936"/>
  <testcase classname="As a registered user I want to be able to register a new user in etherscan app" name="An user can not register with invalid credentials #3" time="5.503"/>
  <testcase classname="As a registered user I want to be able to register a new user in etherscan app" name="An user can not register with invalid credentials #4" time="4.743"/>
  <testcase classname="As a registered user I want to be able to register a new user in etherscan app" name="An user can not register with invalid credentials #5" time="4.98"/>
</testsuite>